#
# A fatal error has been detected by the Java Runtime Environment:
#
#  EXCEPTION_ACCESS_VIOLATION (0xc0000005) at pc=0x00000000627065a7, pid=22484, tid=0x00000000000040a4
#
# JRE version: Java(TM) SE Runtime Environment (8.0_231-b11) (build 1.8.0_231-b11)
# Java VM: Java HotSpot(TM) 64-Bit Server VM (25.231-b11 mixed mode windows-amd64 compressed oops)
# Problematic frame:
# V  [jvm.dll+0x4a65a7]
#
# Failed to write core dump. Minidumps are not enabled by default on client versions of Windows
#
# If you would like to submit a bug report, please visit:
#   http://bugreport.java.com/bugreport/crash.jsp
#

---------------  T H R E A D  ---------------

Current thread (0x0000000016fa9800):  JavaThread "C2 CompilerThread1" daemon [_thread_in_native, id=16548, stack(0x0000000018710000,0x0000000018810000)]

siginfo: ExceptionCode=0xc0000005, reading address 0x0000000000000088

Registers:
RAX=0x00000000022a3000, RBX=0x000000001880c5f0, RCX=0x0000000000000007, RDX=0x0000000000002b6d
RSP=0x000000001880c1f0, RBP=0x000000001880c2c9, RSI=0x000000001880c5f0, RDI=0x0000000000002b6d
R8 =0x0000000000000000, R9 =0x0000000062a874d0, R10=0x0000000062260000, R11=0x0000000000000040
R12=0x000000001880c390, R13=0x000000001dda7d90, R14=0x000000001c097ca0, R15=0x000000001880c5f0
RIP=0x00000000627065a7, EFLAGS=0x0000000000010246

Top of Stack: (sp=0x000000001880c1f0)
0x000000001880c1f0:   000000001880eba0 000000001de511b0
0x000000001880c200:   000000001880ed38 000000006232ed6a
0x000000001880c210:   0000000000002b6d 00000000626ca195
0x000000001880c220:   000000001880c5f0 0000000000000000
0x000000001880c230:   0000000000000d58 000000001880c5d0
0x000000001880c240:   000000001c128000 0000000062706d34
0x000000001880c250:   0000000000000000 0000000000000000
0x000000001880c260:   000000001880c2c9 0000000000000000
0x000000001880c270:   00002b6f0001feef 0000313c00000004
0x000000001880c280:   000000001b893a60 000000000000002c
0x000000001880c290:   000000001b920230 0000000000000032
0x000000001880c2a0:   000000001dd61430 000000001c747cd0
0x000000001880c2b0:   0000000000000000 000000001880c5d0
0x000000001880c2c0:   0000000000000001 00000000626d03e4
0x000000001880c2d0:   0000000000000001 0000000000000d58
0x000000001880c2e0:   000000001c0c9330 0000000000000032 

Instructions: (pc=0x00000000627065a7)
0x0000000062706587:   74 24 10 57 48 83 ec 20 48 8b f1 8b 0d a0 65 31
0x0000000062706597:   00 8b fa ff 15 50 ce 13 00 4c 8b 80 d0 03 00 00
0x00000000627065a7:   49 8b 98 88 00 00 00 4c 8b 83 f0 07 00 00 4d 85
0x00000000627065b7:   c0 75 0c e8 e1 fe ff ff 4c 8b 83 f0 07 00 00 49 


Register to memory mapping:

RAX=0x00000000022a3000 is a thread
RBX=0x000000001880c5f0 is pointing into the stack for thread: 0x0000000016fa9800
RCX=0x0000000000000007 is an unknown value
RDX=0x0000000000002b6d is an unknown value
RSP=0x000000001880c1f0 is pointing into the stack for thread: 0x0000000016fa9800
RBP=0x000000001880c2c9 is pointing into the stack for thread: 0x0000000016fa9800
RSI=0x000000001880c5f0 is pointing into the stack for thread: 0x0000000016fa9800
RDI=0x0000000000002b6d is an unknown value
R8 =0x0000000000000000 is an unknown value
R9 =0x0000000062a874d0 is an unknown value
R10=0x0000000062260000 is an unknown value
R11=0x0000000000000040 is an unknown value
R12=0x000000001880c390 is pointing into the stack for thread: 0x0000000016fa9800
R13=0x000000001dda7d90 is an unknown value
R14=0x000000001c097ca0 is an unknown value
R15=0x000000001880c5f0 is pointing into the stack for thread: 0x0000000016fa9800


Stack: [0x0000000018710000,0x0000000018810000],  sp=0x000000001880c1f0,  free space=1008k
Native frames: (J=compiled Java code, j=interpreted, Vv=VM code, C=native code)
V  [jvm.dll+0x4a65a7]
V  [jvm.dll+0x46a195]
V  [jvm.dll+0x4a6d34]
V  [jvm.dll+0x470817]
V  [jvm.dll+0x470af6]
V  [jvm.dll+0x46e634]
V  [jvm.dll+0x46d734]
V  [jvm.dll+0x478c4b]
V  [jvm.dll+0x47b557]
V  [jvm.dll+0x45dd52]
V  [jvm.dll+0xa6ae2]
V  [jvm.dll+0xa742f]
V  [jvm.dll+0x24677f]
V  [jvm.dll+0x29fd8a]
C  [msvcr100.dll+0x21d9f]
C  [msvcr100.dll+0x21e3b]
C  [KERNEL32.DLL+0x17c24]
C  [ntdll.dll+0x6d4d1]


Current CompileTask:
C2:6097814 3440       4       java.net.URLClassLoader$1::run (5 bytes)


---------------  P R O C E S S  ---------------

Java Threads: ( => current thread )
  0x000000001cd3f000 JavaThread "resolver-4" daemon [_thread_blocked, id=27868, stack(0x000000001d630000,0x000000001d730000)]
  0x000000001cd3f800 JavaThread "resolver-3" daemon [_thread_blocked, id=10280, stack(0x000000001d530000,0x000000001d630000)]
  0x000000001cd3d800 JavaThread "resolver-2" daemon [_thread_blocked, id=13644, stack(0x000000001d430000,0x000000001d530000)]
  0x000000001cd3e000 JavaThread "resolver-1" daemon [_thread_blocked, id=10504, stack(0x000000001c1d0000,0x000000001c2d0000)]
  0x0000000018938800 JavaThread "Service Thread" daemon [_thread_blocked, id=25676, stack(0x0000000018d10000,0x0000000018e10000)]
  0x0000000016fad000 JavaThread "C1 CompilerThread2" daemon [_thread_blocked, id=19796, stack(0x0000000018810000,0x0000000018910000)]
=>0x0000000016fa9800 JavaThread "C2 CompilerThread1" daemon [_thread_in_native, id=16548, stack(0x0000000018710000,0x0000000018810000)]
  0x0000000016fa2000 JavaThread "C2 CompilerThread0" daemon [_thread_blocked, id=20348, stack(0x0000000018610000,0x0000000018710000)]
  0x0000000016fa0800 JavaThread "Attach Listener" daemon [_thread_blocked, id=8796, stack(0x0000000018510000,0x0000000018610000)]
  0x0000000016f9f000 JavaThread "Signal Dispatcher" daemon [_thread_blocked, id=26904, stack(0x0000000018410000,0x0000000018510000)]
  0x000000000239d000 JavaThread "Finalizer" daemon [_thread_blocked, id=13404, stack(0x0000000018210000,0x0000000018310000)]
  0x0000000016f8a000 JavaThread "Reference Handler" daemon [_thread_blocked, id=26612, stack(0x0000000018110000,0x0000000018210000)]
  0x00000000022a3000 JavaThread "main" [_thread_in_Java, id=26744, stack(0x0000000002180000,0x0000000002280000)]

Other Threads:
  0x0000000016f68800 VMThread [stack: 0x0000000018010000,0x0000000018110000] [id=19412]
  0x0000000016fde000 WatcherThread [stack: 0x0000000018e10000,0x0000000018f10000] [id=28296]

VM state:not at safepoint (normal execution)

VM Mutex/Monitor currently owned by a thread: None

heap address: 0x0000000081e00000, size: 2018 MB, Compressed Oops mode: 32-bit
Narrow klass base: 0x0000000000000000, Narrow klass shift: 3
Compressed class space size: 1073741824 Address: 0x0000000100000000

Heap:
 PSYoungGen      total 71680K, used 36251K [0x00000000d5f80000, 0x00000000df480000, 0x0000000100000000)
  eden space 66560K, 46% used [0x00000000d5f80000,0x00000000d7deaef8,0x00000000da080000)
  from space 5120K, 99% used [0x00000000da080000,0x00000000da57c030,0x00000000da580000)
  to   space 9728K, 0% used [0x00000000deb00000,0x00000000deb00000,0x00000000df480000)
 ParOldGen       total 87552K, used 10613K [0x0000000081e00000, 0x0000000087380000, 0x00000000d5f80000)
  object space 87552K, 12% used [0x0000000081e00000,0x000000008285d5a8,0x0000000087380000)
 Metaspace       used 19350K, capacity 19944K, committed 20096K, reserved 1067008K
  class space    used 2236K, capacity 2399K, committed 2432K, reserved 1048576K

Card table byte_map: [0x0000000011840000,0x0000000011c40000] byte_map_base: 0x0000000011431000

Marking Bits: (ParMarkBitMap*) 0x0000000062a86d90
 Begin Bits: [0x00000000122f0000, 0x0000000014278000)
 End Bits:   [0x0000000014278000, 0x0000000016200000)

Polling page: 0x0000000000520000

CodeCache: size=245760Kb used=12950Kb max_used=12975Kb free=232809Kb
 bounds [0x0000000002480000, 0x0000000003140000, 0x0000000011480000]
 total_blobs=3930 nmethods=3547 adapters=295
 compilation: enabled

Compilation events (10 events):
Event: 23.895 Thread 0x0000000016fad000 nmethod 3568 0x0000000003104c10 code [0x0000000003105040, 0x0000000003107598]
Event: 23.896 Thread 0x0000000016fad000 3569       3       java.util.Formatter$Flags::<init> (10 bytes)
Event: 23.896 Thread 0x0000000016fad000 nmethod 3569 0x0000000003108550 code [0x00000000031086a0, 0x0000000003108850]
Event: 23.899 Thread 0x0000000016fad000 3570       3       java.util.Hashtable$EntrySet::iterator (9 bytes)
Event: 23.900 Thread 0x0000000016fad000 nmethod 3570 0x0000000003108910 code [0x0000000003108aa0, 0x0000000003108e28]
Event: 6096.176 Thread 0x0000000016fa2000 nmethod 3446 0x00000000031163d0 code [0x0000000003116cc0, 0x00000000031211d8]
Event: 6096.177 Thread 0x0000000016fa2000 3558       4       org.codehaus.plexus.util.xml.Xpp3DomBuilder::build (413 bytes)
Event: 6096.332 Thread 0x0000000016fa2000 nmethod 3558 0x0000000003134210 code [0x0000000003134560, 0x0000000003137e20]
Event: 6096.332 Thread 0x0000000016fa2000 3458       4       com.google.common.base.Preconditions::checkState (17 bytes)
Event: 6096.332 Thread 0x0000000016fa2000 nmethod 3458 0x0000000002590850 code [0x0000000002590980, 0x00000000025909d8]

GC Heap History (10 events):
Event: 0.844 GC heap before
{Heap before GC invocations=1 (full 0):
 PSYoungGen      total 38400K, used 33280K [0x00000000d5f80000, 0x00000000d8a00000, 0x0000000100000000)
  eden space 33280K, 100% used [0x00000000d5f80000,0x00000000d8000000,0x00000000d8000000)
  from space 5120K, 0% used [0x00000000d8500000,0x00000000d8500000,0x00000000d8a00000)
  to   space 5120K, 0% used [0x00000000d8000000,0x00000000d8000000,0x00000000d8500000)
 ParOldGen       total 87552K, used 0K [0x0000000081e00000, 0x0000000087380000, 0x00000000d5f80000)
  object space 87552K, 0% used [0x0000000081e00000,0x0000000081e00000,0x0000000087380000)
 Metaspace       used 8303K, capacity 8476K, committed 8576K, reserved 1056768K
  class space    used 1002K, capacity 1080K, committed 1152K, reserved 1048576K
Event: 0.851 GC heap after
Heap after GC invocations=1 (full 0):
 PSYoungGen      total 38400K, used 5114K [0x00000000d5f80000, 0x00000000d8a00000, 0x0000000100000000)
  eden space 33280K, 0% used [0x00000000d5f80000,0x00000000d5f80000,0x00000000d8000000)
  from space 5120K, 99% used [0x00000000d8000000,0x00000000d84fe8d0,0x00000000d8500000)
  to   space 5120K, 0% used [0x00000000d8500000,0x00000000d8500000,0x00000000d8a00000)
 ParOldGen       total 87552K, used 207K [0x0000000081e00000, 0x0000000087380000, 0x00000000d5f80000)
  object space 87552K, 0% used [0x0000000081e00000,0x0000000081e33f10,0x0000000087380000)
 Metaspace       used 8303K, capacity 8476K, committed 8576K, reserved 1056768K
  class space    used 1002K, capacity 1080K, committed 1152K, reserved 1048576K
}
Event: 1.440 GC heap before
{Heap before GC invocations=2 (full 0):
 PSYoungGen      total 38400K, used 38394K [0x00000000d5f80000, 0x00000000d8a00000, 0x0000000100000000)
  eden space 33280K, 100% used [0x00000000d5f80000,0x00000000d8000000,0x00000000d8000000)
  from space 5120K, 99% used [0x00000000d8000000,0x00000000d84fe8d0,0x00000000d8500000)
  to   space 5120K, 0% used [0x00000000d8500000,0x00000000d8500000,0x00000000d8a00000)
 ParOldGen       total 87552K, used 207K [0x0000000081e00000, 0x0000000087380000, 0x00000000d5f80000)
  object space 87552K, 0% used [0x0000000081e00000,0x0000000081e33f10,0x0000000087380000)
 Metaspace       used 11749K, capacity 11924K, committed 12160K, reserved 1060864K
  class space    used 1459K, capacity 1542K, committed 1664K, reserved 1048576K
Event: 1.449 GC heap after
Heap after GC invocations=2 (full 0):
 PSYoungGen      total 38400K, used 5112K [0x00000000d5f80000, 0x00000000daa80000, 0x0000000100000000)
  eden space 33280K, 0% used [0x00000000d5f80000,0x00000000d5f80000,0x00000000d8000000)
  from space 5120K, 99% used [0x00000000d8500000,0x00000000d89fe180,0x00000000d8a00000)
  to   space 5120K, 0% used [0x00000000d8000000,0x00000000d8000000,0x00000000d8500000)
 ParOldGen       total 87552K, used 2171K [0x0000000081e00000, 0x0000000087380000, 0x00000000d5f80000)
  object space 87552K, 2% used [0x0000000081e00000,0x000000008201ef58,0x0000000087380000)
 Metaspace       used 11749K, capacity 11924K, committed 12160K, reserved 1060864K
  class space    used 1459K, capacity 1542K, committed 1664K, reserved 1048576K
}
Event: 2.542 GC heap before
{Heap before GC invocations=3 (full 0):
 PSYoungGen      total 38400K, used 38392K [0x00000000d5f80000, 0x00000000daa80000, 0x0000000100000000)
  eden space 33280K, 100% used [0x00000000d5f80000,0x00000000d8000000,0x00000000d8000000)
  from space 5120K, 99% used [0x00000000d8500000,0x00000000d89fe180,0x00000000d8a00000)
  to   space 5120K, 0% used [0x00000000d8000000,0x00000000d8000000,0x00000000d8500000)
 ParOldGen       total 87552K, used 2171K [0x0000000081e00000, 0x0000000087380000, 0x00000000d5f80000)
  object space 87552K, 2% used [0x0000000081e00000,0x000000008201ef58,0x0000000087380000)
 Metaspace       used 15288K, capacity 15528K, committed 15872K, reserved 1062912K
  class space    used 1847K, capacity 1940K, committed 2048K, reserved 1048576K
Event: 2.557 GC heap after
Heap after GC invocations=3 (full 0):
 PSYoungGen      total 38400K, used 5088K [0x00000000d5f80000, 0x00000000daa80000, 0x0000000100000000)
  eden space 33280K, 0% used [0x00000000d5f80000,0x00000000d5f80000,0x00000000d8000000)
  from space 5120K, 99% used [0x00000000d8000000,0x00000000d84f8020,0x00000000d8500000)
  to   space 5120K, 0% used [0x00000000da580000,0x00000000da580000,0x00000000daa80000)
 ParOldGen       total 87552K, used 4610K [0x0000000081e00000, 0x0000000087380000, 0x00000000d5f80000)
  object space 87552K, 5% used [0x0000000081e00000,0x0000000082280800,0x0000000087380000)
 Metaspace       used 15288K, capacity 15528K, committed 15872K, reserved 1062912K
  class space    used 1847K, capacity 1940K, committed 2048K, reserved 1048576K
}
Event: 3.425 GC heap before
{Heap before GC invocations=4 (full 0):
 PSYoungGen      total 38400K, used 38368K [0x00000000d5f80000, 0x00000000daa80000, 0x0000000100000000)
  eden space 33280K, 100% used [0x00000000d5f80000,0x00000000d8000000,0x00000000d8000000)
  from space 5120K, 99% used [0x00000000d8000000,0x00000000d84f8020,0x00000000d8500000)
  to   space 5120K, 0% used [0x00000000da580000,0x00000000da580000,0x00000000daa80000)
 ParOldGen       total 87552K, used 4610K [0x0000000081e00000, 0x0000000087380000, 0x00000000d5f80000)
  object space 87552K, 5% used [0x0000000081e00000,0x0000000082280800,0x0000000087380000)
 Metaspace       used 16101K, capacity 16390K, committed 16640K, reserved 1064960K
  class space    used 1907K, capacity 2013K, committed 2048K, reserved 1048576K
Event: 3.443 GC heap after
Heap after GC invocations=4 (full 0):
 PSYoungGen      total 71680K, used 5088K [0x00000000d5f80000, 0x00000000daa80000, 0x0000000100000000)
  eden space 66560K, 0% used [0x00000000d5f80000,0x00000000d5f80000,0x00000000da080000)
  from space 5120K, 99% used [0x00000000da580000,0x00000000daa78020,0x00000000daa80000)
  to   space 5120K, 0% used [0x00000000da080000,0x00000000da080000,0x00000000da580000)
 ParOldGen       total 87552K, used 6782K [0x0000000081e00000, 0x0000000087380000, 0x00000000d5f80000)
  object space 87552K, 7% used [0x0000000081e00000,0x000000008249faf0,0x0000000087380000)
 Metaspace       used 16101K, capacity 16390K, committed 16640K, reserved 1064960K
  class space    used 1907K, capacity 2013K, committed 2048K, reserved 1048576K
}
Event: 23.394 GC heap before
{Heap before GC invocations=5 (full 0):
 PSYoungGen      total 71680K, used 71648K [0x00000000d5f80000, 0x00000000daa80000, 0x0000000100000000)
  eden space 66560K, 100% used [0x00000000d5f80000,0x00000000da080000,0x00000000da080000)
  from space 5120K, 99% used [0x00000000da580000,0x00000000daa78020,0x00000000daa80000)
  to   space 5120K, 0% used [0x00000000da080000,0x00000000da080000,0x00000000da580000)
 ParOldGen       total 87552K, used 6782K [0x0000000081e00000, 0x0000000087380000, 0x00000000d5f80000)
  object space 87552K, 7% used [0x0000000081e00000,0x000000008249faf0,0x0000000087380000)
 Metaspace       used 18543K, capacity 19050K, committed 19200K, reserved 1067008K
  class space    used 2118K, capacity 2255K, committed 2304K, reserved 1048576K
Event: 23.411 GC heap after
Heap after GC invocations=5 (full 0):
 PSYoungGen      total 71680K, used 5104K [0x00000000d5f80000, 0x00000000df480000, 0x0000000100000000)
  eden space 66560K, 0% used [0x00000000d5f80000,0x00000000d5f80000,0x00000000da080000)
  from space 5120K, 99% used [0x00000000da080000,0x00000000da57c030,0x00000000da580000)
  to   space 9728K, 0% used [0x00000000deb00000,0x00000000deb00000,0x00000000df480000)
 ParOldGen       total 87552K, used 10613K [0x0000000081e00000, 0x0000000087380000, 0x00000000d5f80000)
  object space 87552K, 12% used [0x0000000081e00000,0x000000008285d5a8,0x0000000087380000)
 Metaspace       used 18543K, capacity 19050K, committed 19200K, reserved 1067008K
  class space    used 2118K, capacity 2255K, committed 2304K, reserved 1048576K
}

Deoptimization events (10 events):
Event: 5.357 Thread 0x000000001cd42800 Uncommon trap: reason=class_check action=maybe_recompile pc=0x0000000002bf7a40 method=java.util.Hashtable.addEntry(ILjava/lang/Object;Ljava/lang/Object;I)V @ 38
Event: 5.357 Thread 0x000000001cd42800 Uncommon trap: reason=class_check action=maybe_recompile pc=0x0000000002bf7a40 method=java.util.Hashtable.addEntry(ILjava/lang/Object;Ljava/lang/Object;I)V @ 38
Event: 5.360 Thread 0x000000001cd42800 Uncommon trap: reason=class_check action=maybe_recompile pc=0x0000000002bf7a40 method=java.util.Hashtable.addEntry(ILjava/lang/Object;Ljava/lang/Object;I)V @ 38
Event: 23.665 Thread 0x00000000022a3000 Uncommon trap: reason=unstable_if action=reinterpret pc=0x0000000002f74830 method=org.codehaus.plexus.interpolation.StringSearchInterpolator.interpolate(Ljava/lang/String;Lorg/codehaus/plexus/interpolation/RecursionInterceptor;Ljava/util/Set;)Ljava/lang/S
Event: 23.847 Thread 0x00000000022a3000 Uncommon trap: reason=unstable_if action=reinterpret pc=0x0000000002e327c4 method=java.util.regex.Pattern$Curly.match0(Ljava/util/regex/Matcher;IILjava/lang/CharSequence;)Z @ 5
Event: 23.847 Thread 0x00000000022a3000 Uncommon trap: reason=unstable_if action=reinterpret pc=0x0000000002c87f08 method=java.util.regex.Pattern$Curly.match0(Ljava/util/regex/Matcher;IILjava/lang/CharSequence;)Z @ 5
Event: 23.857 Thread 0x00000000022a3000 Uncommon trap: reason=class_check action=maybe_recompile pc=0x0000000002d9d8e4 method=org.codehaus.plexus.interpolation.MapBasedValueSource.getValue(Ljava/lang/String;)Ljava/lang/Object; @ 16
Event: 23.857 Thread 0x00000000022a3000 Uncommon trap: reason=class_check action=maybe_recompile pc=0x0000000002d9d8e4 method=org.codehaus.plexus.interpolation.MapBasedValueSource.getValue(Ljava/lang/String;)Ljava/lang/Object; @ 16
Event: 23.857 Thread 0x00000000022a3000 Uncommon trap: reason=class_check action=maybe_recompile pc=0x0000000002d9d8e4 method=org.codehaus.plexus.interpolation.MapBasedValueSource.getValue(Ljava/lang/String;)Ljava/lang/Object; @ 16
Event: 23.889 Thread 0x00000000022a3000 Uncommon trap: reason=unstable_if action=reinterpret pc=0x0000000002e8529c method=java.lang.String.regionMatches(ZILjava/lang/String;II)Z @ 25

Classes redefined (0 events):
No events

Internal exceptions (10 events):
Event: 1.881 Thread 0x00000000022a3000 Exception <a 'java/lang/NullPointerException'> (0x00000000d6c89288) thrown at [C:\re\workspace\8-2-build-windows-amd64-cygwin\jdk8u231\13620\hotspot\src\share\vm\interpreter\linkResolver.cpp, line 1185]
Event: 1.881 Thread 0x00000000022a3000 Exception <a 'java/lang/NullPointerException'> (0x00000000d6c894a0) thrown at [C:\re\workspace\8-2-build-windows-amd64-cygwin\jdk8u231\13620\hotspot\src\share\vm\interpreter\linkResolver.cpp, line 1185]
Event: 1.881 Thread 0x00000000022a3000 Exception <a 'java/lang/NullPointerException'> (0x00000000d6c896b8) thrown at [C:\re\workspace\8-2-build-windows-amd64-cygwin\jdk8u231\13620\hotspot\src\share\vm\interpreter\linkResolver.cpp, line 1185]
Event: 1.882 Thread 0x00000000022a3000 Exception <a 'java/lang/NullPointerException'> (0x00000000d6c91ad8) thrown at [C:\re\workspace\8-2-build-windows-amd64-cygwin\jdk8u231\13620\hotspot\src\share\vm\interpreter\linkResolver.cpp, line 1185]
Event: 1.882 Thread 0x00000000022a3000 Exception <a 'java/lang/NullPointerException'> (0x00000000d6c91cf0) thrown at [C:\re\workspace\8-2-build-windows-amd64-cygwin\jdk8u231\13620\hotspot\src\share\vm\interpreter\linkResolver.cpp, line 1185]
Event: 1.882 Thread 0x00000000022a3000 Exception <a 'java/lang/NullPointerException'> (0x00000000d6c91f08) thrown at [C:\re\workspace\8-2-build-windows-amd64-cygwin\jdk8u231\13620\hotspot\src\share\vm\interpreter\linkResolver.cpp, line 1185]
Event: 2.610 Thread 0x00000000022a3000 Implicit null exception at 0x0000000002b386d8 to 0x0000000002b39961
Event: 2.980 Thread 0x00000000022a3000 Implicit null exception at 0x0000000002823415 to 0x00000000028235ed
Event: 2.982 Thread 0x00000000022a3000 Implicit null exception at 0x000000000279d16f to 0x000000000279d1d9
Event: 4.487 Thread 0x00000000022a3000 Implicit null exception at 0x0000000002ef9477 to 0x0000000002ef96c1

Events (10 events):
Event: 23.857 Thread 0x00000000022a3000 DEOPT PACKING pc=0x0000000002d9d8e4 sp=0x000000000227c930
Event: 23.857 Thread 0x00000000022a3000 DEOPT UNPACKING pc=0x00000000024c583b sp=0x000000000227c910 mode 2
Event: 23.857 Thread 0x00000000022a3000 Uncommon trap: trap_request=0xffffffde fr.pc=0x0000000002d9d8e4
Event: 23.857 Thread 0x00000000022a3000 DEOPT PACKING pc=0x0000000002d9d8e4 sp=0x000000000227c930
Event: 23.857 Thread 0x00000000022a3000 DEOPT UNPACKING pc=0x00000000024c583b sp=0x000000000227c910 mode 2
Event: 23.863 loading class java/util/AbstractMap$SimpleImmutableEntry
Event: 23.863 loading class java/util/AbstractMap$SimpleImmutableEntry done
Event: 23.889 Thread 0x00000000022a3000 Uncommon trap: trap_request=0xffffff65 fr.pc=0x0000000002e8529c
Event: 23.889 Thread 0x00000000022a3000 DEOPT PACKING pc=0x0000000002e8529c sp=0x000000000227c6c0
Event: 23.889 Thread 0x00000000022a3000 DEOPT UNPACKING pc=0x00000000024c583b sp=0x000000000227c648 mode 2


Dynamic libraries:
0x00007ff7c0d60000 - 0x00007ff7c0d97000 	C:\Program Files\Java\jdk1.8.0_231\bin\java.exe
0x00007ffab4500000 - 0x00007ffab46f0000 	C:\WINDOWS\SYSTEM32\ntdll.dll
0x00007ffab4400000 - 0x00007ffab44b2000 	C:\WINDOWS\System32\KERNEL32.DLL
0x00007ffab1850000 - 0x00007ffab1af5000 	C:\WINDOWS\System32\KERNELBASE.dll
0x00007ffab2710000 - 0x00007ffab27b3000 	C:\WINDOWS\System32\ADVAPI32.dll
0x00007ffab3000000 - 0x00007ffab309e000 	C:\WINDOWS\System32\msvcrt.dll
0x00007ffab3690000 - 0x00007ffab3727000 	C:\WINDOWS\System32\sechost.dll
0x00007ffab3570000 - 0x00007ffab368f000 	C:\WINDOWS\System32\RPCRT4.dll
0x00007ffab2e60000 - 0x00007ffab2ff4000 	C:\WINDOWS\System32\USER32.dll
0x00007ffab2420000 - 0x00007ffab2441000 	C:\WINDOWS\System32\win32u.dll
0x00007ffab2e30000 - 0x00007ffab2e56000 	C:\WINDOWS\System32\GDI32.dll
0x00007ffab16b0000 - 0x00007ffab1848000 	C:\WINDOWS\System32\gdi32full.dll
0x00007ffab1480000 - 0x00007ffab151e000 	C:\WINDOWS\System32\msvcp_win.dll
0x00007ffab1520000 - 0x00007ffab161a000 	C:\WINDOWS\System32\ucrtbase.dll
0x00007ffaa6ae0000 - 0x00007ffaa6d64000 	C:\WINDOWS\WinSxS\amd64_microsoft.windows.common-controls_6595b64144ccf1df_6.0.18362.1316_none_9e7a364fe461dbd7\COMCTL32.dll
0x00007ffab30d0000 - 0x00007ffab3407000 	C:\WINDOWS\System32\combase.dll
0x00007ffab1620000 - 0x00007ffab16a1000 	C:\WINDOWS\System32\bcryptPrimitives.dll
0x00007ffab30a0000 - 0x00007ffab30ce000 	C:\WINDOWS\System32\IMM32.DLL
0x0000000062b10000 - 0x0000000062be2000 	C:\Program Files\Java\jdk1.8.0_231\jre\bin\msvcr100.dll
0x0000000062260000 - 0x0000000062b06000 	C:\Program Files\Java\jdk1.8.0_231\jre\bin\server\jvm.dll
0x00007ffab37c0000 - 0x00007ffab37c8000 	C:\WINDOWS\System32\PSAPI.DLL
0x00007ffa9bbe0000 - 0x00007ffa9bbe9000 	C:\WINDOWS\SYSTEM32\WSOCK32.dll
0x00007ffaa7e10000 - 0x00007ffaa7e1a000 	C:\WINDOWS\SYSTEM32\VERSION.dll
0x00007ffaa7790000 - 0x00007ffaa77b4000 	C:\WINDOWS\SYSTEM32\WINMM.dll
0x00007ffab3730000 - 0x00007ffab379f000 	C:\WINDOWS\System32\WS2_32.dll
0x00007ffaa76c0000 - 0x00007ffaa76ed000 	C:\WINDOWS\SYSTEM32\WINMMBASE.dll
0x00007ffab2450000 - 0x00007ffab249a000 	C:\WINDOWS\System32\cfgmgr32.dll
0x00007ffaad600000 - 0x00007ffaad60f000 	C:\Program Files\Java\jdk1.8.0_231\jre\bin\verify.dll
0x00007ffa9b8b0000 - 0x00007ffa9b8d9000 	C:\Program Files\Java\jdk1.8.0_231\jre\bin\java.dll
0x00007ffa9b890000 - 0x00007ffa9b8a6000 	C:\Program Files\Java\jdk1.8.0_231\jre\bin\zip.dll
0x00007ffab3bb0000 - 0x00007ffab4298000 	C:\WINDOWS\System32\SHELL32.dll
0x00007ffab25b0000 - 0x00007ffab2657000 	C:\WINDOWS\System32\shcore.dll
0x00007ffab1b00000 - 0x00007ffab227b000 	C:\WINDOWS\System32\windows.storage.dll
0x00007ffab13e0000 - 0x00007ffab1403000 	C:\WINDOWS\System32\profapi.dll
0x00007ffab1430000 - 0x00007ffab147a000 	C:\WINDOWS\System32\powrprof.dll
0x00007ffab13b0000 - 0x00007ffab13c0000 	C:\WINDOWS\System32\UMPDC.dll
0x00007ffab27c0000 - 0x00007ffab2812000 	C:\WINDOWS\System32\shlwapi.dll
0x00007ffab1410000 - 0x00007ffab1421000 	C:\WINDOWS\System32\kernel.appcore.dll
0x00007ffab2400000 - 0x00007ffab2417000 	C:\WINDOWS\System32\cryptsp.dll
0x00007ffaaca40000 - 0x00007ffaaca4a000 	C:\Users\Samson\Documents\apache-maven-3.6.3\lib\jansi-native\windows64\jansi.dll
0x00007ffa9b870000 - 0x00007ffa9b88a000 	C:\Program Files\Java\jdk1.8.0_231\jre\bin\net.dll
0x00007ffab0ba0000 - 0x00007ffab0c07000 	C:\WINDOWS\system32\mswsock.dll
0x00007ffa99390000 - 0x00007ffa993a2000 	C:\Program Files\Java\jdk1.8.0_231\jre\bin\nio.dll
0x00007ffab0730000 - 0x00007ffab0763000 	C:\WINDOWS\system32\rsaenh.dll
0x00007ffab2280000 - 0x00007ffab22a6000 	C:\WINDOWS\System32\bcrypt.dll
0x00007ffab12d0000 - 0x00007ffab12f5000 	C:\WINDOWS\SYSTEM32\USERENV.dll
0x00007ffab0d20000 - 0x00007ffab0d2c000 	C:\WINDOWS\SYSTEM32\CRYPTBASE.dll
0x00007ffab08c0000 - 0x00007ffab08fa000 	C:\WINDOWS\SYSTEM32\IPHLPAPI.DLL
0x00007ffab37a0000 - 0x00007ffab37a8000 	C:\WINDOWS\System32\NSI.dll
0x00007ffaa9ea0000 - 0x00007ffaa9eb6000 	C:\WINDOWS\SYSTEM32\dhcpcsvc6.DLL
0x00007ffaa9e80000 - 0x00007ffaa9e9c000 	C:\WINDOWS\SYSTEM32\dhcpcsvc.DLL
0x00007ffab0900000 - 0x00007ffab09cb000 	C:\WINDOWS\SYSTEM32\DNSAPI.dll
0x00007ffaaeef0000 - 0x00007ffaaf0e4000 	C:\WINDOWS\SYSTEM32\dbghelp.dll

VM Arguments:
jvm_args: -Dclassworlds.conf=C:\Users\Samson\Documents\apache-maven-3.6.3\bin\..\bin\m2.conf -Dmaven.home=C:\Users\Samson\Documents\apache-maven-3.6.3\bin\.. -Dlibrary.jansi.path=C:\Users\Samson\Documents\apache-maven-3.6.3\bin\..\lib\jansi-native -Dmaven.multiModuleProjectDirectory=C:\Users\Samson\eclipse-workspace01\RestAssureFrame2 
java_command: org.codehaus.plexus.classworlds.launcher.Launcher test verify
java_class_path (initial): C:\Users\Samson\Documents\apache-maven-3.6.3\bin\..\boot\plexus-classworlds-2.6.0.jar
Launcher Type: SUN_STANDARD

Environment Variables:
JAVA_HOME=C:\Program Files\Java\jdk1.8.0_231
PATH=C:\Program Files (x86)\Common Files\Oracle\Java\javapath;C:\WINDOWS\system32;C:\WINDOWS;C:\WINDOWS\System32\Wbem;C:\WINDOWS\System32\WindowsPowerShell\v1.0\;C:\WINDOWS\System32\OpenSSH\;C:\Program Files (x86)\Micro Focus\Unified Functional Testing\bin;C:\Program Files\Git\cmd;C:\platform-tools;C:\Program Files\Docker\Docker\resources\bin;C:\ProgramData\DockerDesktop\version-bin;C:\strawberry\c\bin;C:\strawberry\perl\bin;C:\Users\Samson\Documents\apache-maven-3.6.3\bin;C:\Program Files\nodejs\;C:\Program Files\Java\jdk1.8.0_231\bin;C:\Program Files\MySQL\MySQL Shell 8.0\bin\;C:\Users\Samson\AppData\Local\Microsoft\WindowsApps;C:\Users\Samson\AppData\Local\Programs\Microsoft VS Code\bin;C:\Users\Samson\AppData\Local\hyper\app-3.0.2\resources\bin;C:\Program Files\heroku\bin;C:\Users\Samson\AppData\Local\atom\bin;C:\Users\Samson\AppData\Roaming\npm
USERNAME=Samson
OS=Windows_NT
PROCESSOR_IDENTIFIER=Intel64 Family 6 Model 61 Stepping 4, GenuineIntel



---------------  S Y S T E M  ---------------

OS: Windows 10.0 , 64 bit Build 18362 (10.0.18362.1316)

CPU:total 4 (initial active 4) (2 cores per cpu, 2 threads per core) family 6 model 61 stepping 4, cmov, cx8, fxsr, mmx, sse, sse2, sse3, ssse3, sse4.1, sse4.2, popcnt, avx, avx2, aes, clmul, erms, rtm, 3dnowpref, lzcnt, ht, tsc, tscinvbit, bmi1, bmi2, adx

Memory: 4k page, physical 8260716k(833944k free), swap 13765740k(2301316k free)

vm_info: Java HotSpot(TM) 64-Bit Server VM (25.231-b11) for windows-amd64 JRE (1.8.0_231-b11), built on Oct  5 2019 03:11:30 by "java_re" with MS VC++ 10.0 (VS2010)

time: Wed Feb 17 07:21:16 2021
timezone: W. Central Africa Standard Time
elapsed time: 6097 seconds (0d 1h 41m 37s)

